0 info it worked if it ends with ok
1 verbose cli [ '/usr/local/bin/node', '/usr/local/bin/npm', 'publish' ]
2 info using npm@3.10.5
3 info using node@v6.3.0
4 verbose publish [ '.' ]
5 silly cache add args [ '.', null ]
6 verbose cache add spec .
7 silly cache add parsed spec Result {
7 silly cache add   raw: '.',
7 silly cache add   scope: null,
7 silly cache add   escapedName: null,
7 silly cache add   name: null,
7 silly cache add   rawSpec: '.',
7 silly cache add   spec: '/Users/hoangdoan/Desktop/FBInStreamAds-IOS',
7 silly cache add   type: 'directory' }
8 verbose addLocalDirectory /Users/hoangdoan/.npm/FBInStreamAds/0.1.0/package.tgz not in flight; packing
9 verbose correctMkdir /Users/hoangdoan/.npm correctMkdir not in flight; initializing
10 info lifecycle FBInStreamAds@0.1.0~prepublish: FBInStreamAds@0.1.0
11 silly lifecycle FBInStreamAds@0.1.0~prepublish: no script for prepublish, continuing
12 verbose tar pack [ '/Users/hoangdoan/.npm/FBInStreamAds/0.1.0/package.tgz',
12 verbose tar pack   '/Users/hoangdoan/Desktop/FBInStreamAds-IOS' ]
13 verbose tarball /Users/hoangdoan/.npm/FBInStreamAds/0.1.0/package.tgz
14 verbose folder /Users/hoangdoan/Desktop/FBInStreamAds-IOS
15 verbose addLocalTarball adding from inside cache /Users/hoangdoan/.npm/FBInStreamAds/0.1.0/package.tgz
16 verbose correctMkdir /Users/hoangdoan/.npm correctMkdir not in flight; initializing
17 silly cache afterAdd FBInStreamAds@0.1.0
18 verbose afterAdd /Users/hoangdoan/.npm/FBInStreamAds/0.1.0/package/package.json not in flight; writing
19 verbose correctMkdir /Users/hoangdoan/.npm correctMkdir not in flight; initializing
20 verbose afterAdd /Users/hoangdoan/.npm/FBInStreamAds/0.1.0/package/package.json written
21 silly publish { name: 'FBInStreamAds',
21 silly publish   description: 'React Native Facebook InStream Ads',
21 silly publish   author: { name: 'Hoang Doan', email: 'hoang.doan@outlook.com' },
21 silly publish   version: '0.1.0',
21 silly publish   main: 'index.js',
21 silly publish   readme: '# Facebook InStream Ads\n\n1. Copy 4 file vào project\n2. Import module\n\n```javascript\nimport { InStreamView } from \'FBInStreamAds\'\n```\n\n3. Cách sử dụng\n\n```javascript\nimport React, { Component } from \'react\';\nimport {\n  View,\n  TouchableOpacity\n} from \'react-native\';\n\nimport { InStreamView } from \'FBInStreamAds\'\n\nexport default class FBInStreamAds extends Component {\n\n  handleSuccess = () => {\n \t//Xử lý khi Ads đã load xong\n  }\n\n  handleError = () => {\n  \t//Xử lý khi Ads load lỗi\n  }\n\n  render() {\n    return (\n      <View style={styles.container}>\n        <InStreamView\n          placementId={"1097860336911021_1412040112159707"}\n          onAdDone={this.handleSuccess}\n          onAdError={this.handleError}\n        />\n      </View>\n    );\n  }\n}\n```\n',
21 silly publish   readmeFilename: 'README.md',
21 silly publish   gitHead: 'bb39602be03fb967eef290790a4eb3c89f8837fe',
21 silly publish   _id: 'FBInStreamAds@0.1.0',
21 silly publish   scripts: {},
21 silly publish   _shasum: '4d23235e10b8d99bf5c02d05324671bdf9b2e605',
21 silly publish   _from: '.' }
22 verbose getPublishConfig undefined
23 silly mapToRegistry name FBInStreamAds
24 silly mapToRegistry using default registry
25 silly mapToRegistry registry https://registry.npmjs.org/
26 silly mapToRegistry data Result {
26 silly mapToRegistry   raw: 'FBInStreamAds',
26 silly mapToRegistry   scope: null,
26 silly mapToRegistry   escapedName: 'FBInStreamAds',
26 silly mapToRegistry   name: 'FBInStreamAds',
26 silly mapToRegistry   rawSpec: '',
26 silly mapToRegistry   spec: 'latest',
26 silly mapToRegistry   type: 'tag' }
27 silly mapToRegistry uri https://registry.npmjs.org/FBInStreamAds
28 verbose publish registryBase https://registry.npmjs.org/
29 silly publish uploading /Users/hoangdoan/.npm/FBInStreamAds/0.1.0/package.tgz
30 verbose request uri https://registry.npmjs.org/FBInStreamAds
31 verbose request sending authorization for write operation
32 info attempt registry request try #1 at 3:18:04 PM
33 verbose request using bearer token for auth
34 verbose request id 0565a9cc3f58e19a
35 http request PUT https://registry.npmjs.org/FBInStreamAds
36 http 400 https://registry.npmjs.org/FBInStreamAds
37 verbose headers { 'content-type': 'application/json',
37 verbose headers   'cache-control': 'max-age=300',
37 verbose headers   'content-length': '57',
37 verbose headers   'accept-ranges': 'bytes',
37 verbose headers   date: 'Mon, 10 Apr 2017 08:18:05 GMT',
37 verbose headers   via: '1.1 varnish',
37 verbose headers   connection: 'keep-alive',
37 verbose headers   'x-served-by': 'cache-hkg6824-HKG',
37 verbose headers   'x-cache': 'MISS',
37 verbose headers   'x-cache-hits': '0',
37 verbose headers   'x-timer': 'S1491812284.261672,VS0,VE786',
37 verbose headers   vary: 'Accept-Encoding' }
38 verbose request invalidating /Users/hoangdoan/.npm/registry.npmjs.org/FBInStreamAds on PUT
39 error publish Failed PUT 400
40 verbose stack Error: "FBInStreamAds" is invalid for new packages : FBInStreamAds
40 verbose stack     at makeError (/usr/local/lib/node_modules/npm/node_modules/npm-registry-client/lib/request.js:264:12)
40 verbose stack     at CachingRegistryClient.<anonymous> (/usr/local/lib/node_modules/npm/node_modules/npm-registry-client/lib/request.js:252:14)
40 verbose stack     at Request._callback (/usr/local/lib/node_modules/npm/node_modules/npm-registry-client/lib/request.js:172:14)
40 verbose stack     at Request.self.callback (/usr/local/lib/node_modules/npm/node_modules/request/request.js:200:22)
40 verbose stack     at emitTwo (events.js:106:13)
40 verbose stack     at Request.emit (events.js:191:7)
40 verbose stack     at Request.<anonymous> (/usr/local/lib/node_modules/npm/node_modules/request/request.js:1067:10)
40 verbose stack     at emitOne (events.js:101:20)
40 verbose stack     at Request.emit (events.js:188:7)
40 verbose stack     at IncomingMessage.<anonymous> (/usr/local/lib/node_modules/npm/node_modules/request/request.js:988:12)
41 verbose statusCode 400
42 verbose pkgid FBInStreamAds
43 verbose cwd /Users/hoangdoan/Desktop/FBInStreamAds-IOS
44 error Darwin 15.5.0
45 error argv "/usr/local/bin/node" "/usr/local/bin/npm" "publish"
46 error node v6.3.0
47 error npm  v3.10.5
48 error code E400
49 error "FBInStreamAds" is invalid for new packages : FBInStreamAds
50 error If you need help, you may report this error at:
50 error     <https://github.com/npm/npm/issues>
51 verbose exit [ 1, true ]
